TN:
SF:app.js
FN:20,(anonymous_0)
FN:26,(anonymous_1)
FN:31,(anonymous_2)
FNF:3
FNH:3
FNDA:1,(anonymous_0)
FNDA:1,(anonymous_1)
FNDA:7,(anonymous_2)
DA:1,1
DA:2,1
DA:3,1
DA:4,1
DA:5,1
DA:6,1
DA:7,1
DA:8,1
DA:11,1
DA:12,1
DA:14,1
DA:15,1
DA:16,1
DA:17,1
DA:19,1
DA:20,1
DA:21,1
DA:23,1
DA:26,1
DA:27,1
DA:31,1
DA:33,7
DA:34,7
DA:37,7
DA:38,7
DA:41,1
LF:26
LH:26
BRDA:34,0,0,7
BRDA:34,0,1,0
BRDA:37,1,0,7
BRDA:37,1,1,6
BRF:4
BRH:3
end_of_record
TN:
SF:helpers\dbConnection.js
FNF:0
FNH:0
DA:1,1
DA:2,1
DA:4,1
LF:3
LH:3
BRF:0
BRH:0
end_of_record
TN:
SF:helpers\environmentVariablesHelper.js
FNF:0
FNH:0
DA:2,1
DA:3,1
DA:5,1
DA:11,1
LF:4
LH:4
BRDA:6,0,0,1
BRDA:6,0,1,1
BRF:2
BRH:2
end_of_record
TN:
SF:proxy\proxyUtils.js
FN:8,(anonymous_0)
FN:9,(anonymous_1)
FN:16,(anonymous_2)
FNF:3
FNH:3
FNDA:79,(anonymous_0)
FNDA:44,(anonymous_1)
FNDA:39,(anonymous_2)
DA:1,1
DA:2,1
DA:3,1
DA:8,1
DA:9,79
DA:10,44
DA:11,44
DA:12,44
DA:16,1
DA:17,39
DA:18,1
DA:33,38
DA:37,1
DA:38,1
LF:14
LH:14
BRDA:17,0,0,1
BRDA:17,0,1,38
BRF:2
BRH:2
end_of_record
TN:
SF:routes\nodebb.js
FN:11,(anonymous_0)
FN:19,(anonymous_1)
FN:132,getForumId
FN:133,(anonymous_3)
FN:135,(anonymous_4)
FN:147,addDetails
FN:148,(anonymous_6)
FN:150,(anonymous_7)
FN:163,proxyObject
FN:166,(anonymous_9)
FN:175,(anonymous_10)
FNF:11
FNH:3
FNDA:0,(anonymous_0)
FNDA:0,(anonymous_1)
FNDA:0,getForumId
FNDA:0,(anonymous_3)
FNDA:0,(anonymous_4)
FNDA:0,addDetails
FNDA:0,(anonymous_6)
FNDA:0,(anonymous_7)
FNDA:78,proxyObject
FNDA:43,(anonymous_9)
FNDA:43,(anonymous_10)
DA:1,1
DA:2,1
DA:3,1
DA:4,1
DA:5,1
DA:6,1
DA:7,1
DA:8,1
DA:11,1
DA:12,0
DA:13,0
DA:14,0
DA:15,0
DA:19,1
DA:20,0
DA:21,0
DA:22,0
DA:23,0
DA:27,1
DA:28,1
DA:29,1
DA:31,1
DA:32,1
DA:33,1
DA:34,1
DA:37,1
DA:38,1
DA:39,1
DA:40,1
DA:43,1
DA:44,1
DA:45,1
DA:46,1
DA:47,1
DA:48,1
DA:49,1
DA:50,1
DA:53,1
DA:54,1
DA:55,1
DA:58,1
DA:61,1
DA:62,1
DA:63,1
DA:64,1
DA:65,1
DA:66,1
DA:67,1
DA:70,1
DA:71,1
DA:72,1
DA:73,1
DA:74,1
DA:75,1
DA:76,1
DA:77,1
DA:78,1
DA:79,1
DA:80,1
DA:83,1
DA:84,1
DA:85,1
DA:86,1
DA:87,1
DA:88,1
DA:89,1
DA:92,1
DA:93,1
DA:94,1
DA:95,1
DA:96,1
DA:97,1
DA:101,1
DA:102,1
DA:103,1
DA:104,1
DA:105,1
DA:106,1
DA:107,1
DA:108,1
DA:111,1
DA:112,1
DA:113,1
DA:116,1
DA:117,1
DA:118,1
DA:119,1
DA:120,1
DA:121,1
DA:122,1
DA:123,1
DA:124,1
DA:125,1
DA:126,1
DA:127,1
DA:128,1
DA:133,0
DA:134,0
DA:135,0
DA:136,0
DA:137,0
DA:138,0
DA:142,0
DA:148,0
DA:149,0
DA:150,0
DA:151,0
DA:152,0
DA:153,0
DA:157,0
DA:164,78
DA:167,43
DA:168,43
DA:169,43
DA:170,0
DA:172,43
DA:176,43
DA:177,43
DA:179,40
DA:180,6
DA:182,34
DA:185,3
DA:186,3
DA:192,1
LF:124
LH:101
BRDA:13,0,0,0
BRDA:13,0,1,0
BRDA:21,1,0,0
BRDA:21,1,1,0
BRDA:169,2,0,0
BRDA:169,2,1,43
BRDA:179,3,0,6
BRDA:179,3,1,34
BRDA:179,4,0,40
BRDA:179,4,1,6
BRF:10
BRH:5
end_of_record
